<?xml version="1.0" encoding="UTF-8"?>
<!-- Generated by org.testng.reporters.JUnitReportReporter -->
<testsuite skipped="0" hostname="Gagan" name="Tests.JenkinsTest" tests="3" failures="0" timestamp="02 May 2021 14:26:56 GMT" time="0.093" errors="0">
  <testcase name="verify_ohm_title" time="0.011" classname="Tests.JenkinsTest"/>
  <testcase name="verify_ohm_Logo" time="0.058" classname="Tests.JenkinsTest"/>
  <testcase name="verify_ohm_login_header" time="0.024" classname="Tests.JenkinsTest"/>
</testsuite> <!-- Tests.JenkinsTest -->
