<?xml version="1.0" encoding="UTF-8"?>
<!-- Generated by org.testng.reporters.JUnitReportReporter -->
<testsuite skipped="0" hostname="Gagan" name="Tests.Test1" tests="4" failures="0" timestamp="26 Jan 2021 15:26:49 GMT" time="0.004" errors="0">
  <testcase name="testcase1" time="0.001" classname="Tests.Test1"/>
  <testcase name="testcase2" time="0.001" classname="Tests.Test1"/>
  <testcase name="testcase3" time="0.001" classname="Tests.Test1"/>
  <testcase name="testcase4" time="0.001" classname="Tests.Test1"/>
</testsuite> <!-- Tests.Test1 -->
